---------- Date: 2016-02-07 06:28:14 ~ IP : ::1 ----------
REQUEST URI : /opencart-2.1.0.1/upload/index.php?route=product/product&product_id=42
MOD DETAILS:
   modFile   : D:\xampp\htdocs\opencart-2.1.0.1\upload\vqmod/xml/news.xml
   id        : News
   version   : OC 2.x
   vqmver    : 2.0.0
   author    : Equotix

File Name    : catalog/view/theme/*/template/common/footer.tpl(0)
VQModObject::applyMod - SEARCH NOT FOUND (ABORTING MOD): <li><a href="<?php echo $voucher; ?>"><?php echo $text_voucher; ?></a></li>

----------------------------------------------------------------------


---------- Date: 2016-02-07 06:30:09 ~ IP : ::1 ----------
REQUEST URI : /opencart-2.1.0.1/upload/
MOD DETAILS:
   modFile   : D:\xampp\htdocs\opencart-2.1.0.1\upload\vqmod/xml/news.xml
   id        : News
   version   : OC 2.x
   vqmver    : 2.0.0
   author    : Equotix

File Name    : catalog/view/theme/*/template/common/footer.tpl(0)
VQModObject::applyMod - SEARCH NOT FOUND (ABORTING MOD): <li><a href="<?php echo $voucher; ?>"><?php echo $text_voucher; ?></a></li>

----------------------------------------------------------------------


